<?xml version="1.0" encoding="UTF-8"?>
<!-- Generated by org.testng.reporters.JUnitReportReporter -->
<testsuite hostname="Patrycjas-MBP" failures="0" tests="2" name="LogInWithEmailScreenTest" time="6.208" errors="0" timestamp="2024-03-18T22:30:28 CET" skipped="0">
  <testcase classname="LogInWithEmailScreenTest" name="logInWithEmailFormCanBeFilled" time="4.678"/>
  <testcase classname="LogInWithEmailScreenTest" name="logInWithEmailPageIsCorrectlyDisplayed" time="1.530"/>
</testsuite> <!-- LogInWithEmailScreenTest -->
