<?xml version="1.0" encoding="UTF-8"?>
<!-- Generated by org.testng.reporters.JUnitReportReporter -->
<testsuite hostname="Patrycjas-MBP" failures="0" tests="3" name="SignUpScreenTest" time="10.452" errors="0" timestamp="2024-03-18T22:30:28 CET" skipped="0">
  <testcase classname="SignUpScreenTest" name="signUpFormCanBeFilled" time="3.243"/>
  <testcase classname="SignUpScreenTest" name="signUpFormIsCorrectlyDisplayed" time="3.782"/>
  <testcase classname="SignUpScreenTest" name="alreadyHaveAccountButtonCanBeSelected" time="3.427"/>
</testsuite> <!-- SignUpScreenTest -->
