<?xml version="1.0" encoding="UTF-8"?>
<!-- Generated by org.testng.reporters.JUnitReportReporter -->
<testsuite hostname="Patrycjas-MBP" failures="0" tests="4" name="WelcomeScreenTest" time="10.737" errors="0" timestamp="2024-03-18T22:30:28 CET" skipped="0">
  <testcase classname="WelcomeScreenTest" name="welcomePageIsCorrectlyDisplayed" time="1.211"/>
  <testcase classname="WelcomeScreenTest" name="logInWithEmailButtonWorksCorrectly" time="2.084"/>
  <testcase classname="WelcomeScreenTest" name="LogInWithFacebookButtonWorksCorrectly" time="5.129"/>
  <testcase classname="WelcomeScreenTest" name="signUpButtonWorksCorrectly" time="2.313"/>
</testsuite> <!-- WelcomeScreenTest -->
