<?xml version="1.0" encoding="UTF-8"?>
<!-- Generated by org.testng.reporters.JUnitReportReporter -->
<testsuite hostname="Patrycjas-MBP" failures="0" tests="1" name="LogInWithFacebookScreenTest" time="5.582" errors="0" timestamp="2024-03-18T22:30:28 CET" skipped="0">
  <testcase classname="LogInWithFacebookScreenTest" name="logInWithFacebookPageIsCorrectlyDisplayed" time="5.582"/>
</testsuite> <!-- LogInWithFacebookScreenTest -->
